2017-05-24 11:36:58  [ http-nio-8080-exec-1:13202 ] - [ DEBUG ]  根据手机号获取验证码
2017-05-24 11:36:58  [ http-nio-8080-exec-1:13246 ] - [ DEBUG ]  ==>  Preparing: SELECT id,user_id,code,login_name,password,last_login_time,login_type,token FROM logininfo WHERE ( login_name = ? ) 
2017-05-24 11:36:58  [ http-nio-8080-exec-1:13271 ] - [ DEBUG ]  ==> Parameters: 18228084571(String)
2017-05-24 11:36:59  [ http-nio-8080-exec-1:13661 ] - [ DEBUG ]  <==      Total: 1
2017-05-24 11:36:59  [ http-nio-8080-exec-1:13667 ] - [ DEBUG ]  ==>  Preparing: UPDATE logininfo SET user_id = ?,code = ?,login_name = ?,password = ?,last_login_time = ?,login_type = ?,token = ? WHERE ( login_name = ? ) 
2017-05-24 11:36:59  [ http-nio-8080-exec-1:13669 ] - [ DEBUG ]  ==> Parameters: 25(Integer), 3840(String), 18228084571(String), null, 2017-05-22 11:22:48.0(Timestamp), 0(Integer), MjU6MTQ5NTQyMzM2ODI0MQ==(String), 18228084571(String)
2017-05-24 11:36:59  [ http-nio-8080-exec-1:13831 ] - [ DEBUG ]  <==    Updates: 1
2017-05-24 11:37:12  [ http-nio-8080-exec-3:26896 ] - [ DEBUG ]  根据手机号和验证码登录
2017-05-24 11:37:12  [ http-nio-8080-exec-3:26898 ] - [ DEBUG ]  ==>  Preparing: SELECT id,user_id,code,login_name,password,last_login_time,login_type,token FROM logininfo WHERE code = ? AND login_name = ? 
2017-05-24 11:37:12  [ http-nio-8080-exec-3:26899 ] - [ DEBUG ]  ==> Parameters: 3840(String), 18228084571(String)
2017-05-24 11:37:12  [ http-nio-8080-exec-3:26909 ] - [ DEBUG ]  <==      Total: 1
2017-05-24 11:37:12  [ http-nio-8080-exec-3:26936 ] - [ DEBUG ]  ==>  Preparing: UPDATE logininfo SET user_id = ?,code = ?,login_name = ?,password = ?,last_login_time = ?,login_type = ?,token = ? WHERE id = ? 
2017-05-24 11:37:12  [ http-nio-8080-exec-3:26937 ] - [ DEBUG ]  ==> Parameters: 25(Integer), 3840(String), 18228084571(String), null, 2017-05-24 11:37:12.306(Timestamp), 0(Integer), MjU6MTQ5NTU5NzAzMjI4MA==(String), 34(Integer)
2017-05-24 11:37:12  [ http-nio-8080-exec-3:27004 ] - [ DEBUG ]  <==    Updates: 1
2017-05-24 11:37:12  [ http-nio-8080-exec-4:27313 ] - [ DEBUG ]  检查验证码
2017-05-24 11:37:12  [ http-nio-8080-exec-4:27315 ] - [ DEBUG ]  ==>  Preparing: SELECT id,user_id,code,login_name,password,last_login_time,login_type,token FROM logininfo WHERE ( user_id = ? and token = ? ) 
2017-05-24 11:37:12  [ http-nio-8080-exec-4:27317 ] - [ DEBUG ]  ==> Parameters: 25(String), MjU6MTQ5NTU5NzAzMjI4MA==(String)
2017-05-24 11:37:12  [ http-nio-8080-exec-4:27439 ] - [ DEBUG ]  <==      Total: 1
2017-05-24 11:37:12  [ http-nio-8080-exec-4:27440 ] - [ DEBUG ]  ==>  Preparing: SELECT id,user_name FROM user WHERE id = ? 
2017-05-24 11:37:12  [ http-nio-8080-exec-4:27440 ] - [ DEBUG ]  ==> Parameters: 25(Integer)
2017-05-24 11:37:12  [ http-nio-8080-exec-4:27570 ] - [ DEBUG ]  <==      Total: 1
